<?xml version="1.0" encoding="UTF-8" ?>
<testsuite tests="4" failures="0" name="testcase.login.testUserLogin" time="2.406" errors="0" skipped="0">
  <properties>
    <property name="java.runtime.name" value="Java(TM) SE Runtime Environment"/>
    <property name="sun.boot.library.path" value="D:\Java\jdk1.8.0_91\jre\bin"/>
    <property name="java.vm.version" value="25.91-b15"/>
    <property name="java.vm.vendor" value="Oracle Corporation"/>
    <property name="maven.multiModuleProjectDirectory" value="F:\workspace\mymaven"/>
    <property name="java.vendor.url" value="http://java.oracle.com/"/>
    <property name="path.separator" value=";"/>
    <property name="guice.disable.misplaced.annotation.check" value="true"/>
    <property name="java.vm.name" value="Java HotSpot(TM) 64-Bit Server VM"/>
    <property name="file.encoding.pkg" value="sun.io"/>
    <property name="user.script" value=""/>
    <property name="user.country" value="CN"/>
    <property name="sun.java.launcher" value="SUN_STANDARD"/>
    <property name="sun.os.patch.level" value="Service Pack 1"/>
    <property name="test" value="test*"/>
    <property name="java.vm.specification.name" value="Java Virtual Machine Specification"/>
    <property name="user.dir" value="F:\workspace\mymaven"/>
    <property name="java.runtime.version" value="1.8.0_91-b15"/>
    <property name="java.awt.graphicsenv" value="sun.awt.Win32GraphicsEnvironment"/>
    <property name="java.endorsed.dirs" value="D:\Java\jdk1.8.0_91\jre\lib\endorsed"/>
    <property name="os.arch" value="amd64"/>
    <property name="java.io.tmpdir" value="C:\Users\WILEY~1.WAN\AppData\Local\Temp\"/>
    <property name="line.separator" value="
"/>
    <property name="java.vm.specification.vendor" value="Oracle Corporation"/>
    <property name="user.variant" value=""/>
    <property name="os.name" value="Windows 7"/>
    <property name="classworlds.conf" value="G:\apache-maven-3.5.3\bin\..\bin\m2.conf"/>
    <property name="sun.jnu.encoding" value="GBK"/>
    <property name="java.library.path" value="D:\Java\jdk1.8.0_91\bin;C:\windows\Sun\Java\bin;C:\windows\system32;C:\windows;D:/Java/jdk1.8.0_91/bin/../jre/bin/server;D:/Java/jdk1.8.0_91/bin/../jre/bin;D:/Java/jdk1.8.0_91/bin/../jre/lib/amd64;D:\Java\jdk1.8.0_91\bin;D:\Java\jdk1.8.0_91\jre\bin;C:\Program Files (x86)\Common Files\NetSarang;C:\windows\system32;C:\windows;C:\windows\System32\Wbem;C:\windows\System32\WindowsPowerShell\v1.0\;G:\platform-tools;C:\Program Files\Microsoft\Web Platform Installer\;C:\Program Files (x86)\Microsoft ASP.NET\ASP.NET Web Pages\v1.0\;C:\Program Files (x86)\Windows Kits\8.0\Windows Performance Toolkit\;C:\Program Files\Microsoft SQL Server\110\Tools\Binn\;C:\Program Files (x86)\GtkSharp\2.12\bin;C:\MinGW\bin;C:\Python27;C:\strawberry\c\bin;C:\strawberry\perl\bin;C:\Program Files\TortoiseSVN\bin;D:\Program Files (x86)\Lua\5.1;D:\Program Files (x86)\Lua\5.1\clibs;C:\Python27\Scripts;C:\Program Files\TortoiseGit\bin;G:\splint-3.1.2\bin;C:\Users\wiley.wang\AppData\Roaming\Nox\bin;D:\Program Files\nodejs;C:\Program Files\nodejs\node_global;C:\Program Files (x86)\Mozilla Firefox;C:\Program Files (x86)\Google\Chrome\Application;D:\Program Files\Git\cmd;D:\Program Files\Git\mingw64\bin;D:\Program Files\Git\usr\bin;G:\apache-maven-3.5.3\bin;C:\Program Files (x86)\Microsoft VS Code\bin;C:\Users\wiley.wang\AppData\Roaming\npm;C:\Users\wiley.wang\AppData\Local\Programs\Fiddler;F:\eclipse-jee-neon-R-win32-x86_64\eclipse;;."/>
    <property name="maven.conf" value="G:\apache-maven-3.5.3\bin\../conf"/>
    <property name="java.specification.name" value="Java Platform API Specification"/>
    <property name="java.class.version" value="52.0"/>
    <property name="sun.management.compiler" value="HotSpot 64-Bit Tiered Compilers"/>
    <property name="os.version" value="6.1"/>
    <property name="library.jansi.path" value="G:\apache-maven-3.5.3\bin\..\lib\jansi-native"/>
    <property name="user.home" value="C:\Users\wiley.wang"/>
    <property name="user.timezone" value="Asia/Shanghai"/>
    <property name="java.awt.printerjob" value="sun.awt.windows.WPrinterJob"/>
    <property name="java.specification.version" value="1.8"/>
    <property name="file.encoding" value="UTF8"/>
    <property name="user.name" value="wiley.wang"/>
    <property name="java.class.path" value="G:\apache-maven-3.5.3\bin\..\boot\plexus-classworlds-2.5.2.jar"/>
    <property name="java.vm.specification.version" value="1.8"/>
    <property name="sun.arch.data.model" value="64"/>
    <property name="java.home" value="D:\Java\jdk1.8.0_91\jre"/>
    <property name="sun.java.command" value="org.codehaus.plexus.classworlds.launcher.Launcher -Dtest=test* test"/>
    <property name="java.specification.vendor" value="Oracle Corporation"/>
    <property name="user.language" value="zh"/>
    <property name="awt.toolkit" value="sun.awt.windows.WToolkit"/>
    <property name="java.vm.info" value="mixed mode"/>
    <property name="java.version" value="1.8.0_91"/>
    <property name="java.ext.dirs" value="D:\Java\jdk1.8.0_91\jre\lib\ext;C:\windows\Sun\Java\lib\ext"/>
    <property name="sun.boot.class.path" value="D:\Java\jdk1.8.0_91\jre\lib\resources.jar;D:\Java\jdk1.8.0_91\jre\lib\rt.jar;D:\Java\jdk1.8.0_91\jre\lib\sunrsasign.jar;D:\Java\jdk1.8.0_91\jre\lib\jsse.jar;D:\Java\jdk1.8.0_91\jre\lib\jce.jar;D:\Java\jdk1.8.0_91\jre\lib\charsets.jar;D:\Java\jdk1.8.0_91\jre\lib\jfr.jar;D:\Java\jdk1.8.0_91\jre\classes"/>
    <property name="sun.stderr.encoding" value="ms936"/>
    <property name="java.vendor" value="Oracle Corporation"/>
    <property name="maven.home" value="G:\apache-maven-3.5.3\bin\.."/>
    <property name="file.separator" value="\"/>
    <property name="java.vendor.url.bug" value="http://bugreport.sun.com/bugreport/"/>
    <property name="sun.cpu.endian" value="little"/>
    <property name="sun.io.unicode.encoding" value="UnicodeLittle"/>
    <property name="sun.stdout.encoding" value="ms936"/>
    <property name="sun.desktop" value="windows"/>
    <property name="sun.cpu.isalist" value="amd64"/>
  </properties>
  <testcase classname="testcase.login.testUserLogin" name="testUserlogin" time="2.175"/>
  <testcase classname="testcase.login.testUserLogin" name="testUserlogin1" time="0.055"/>
  <testcase classname="testcase.login.testUserLogin" name="testUserlogin2" time="0.072"/>
  <testcase classname="testcase.login.testUserLogin" name="testUserlogin3" time="0.104"/>
</testsuite>